<?xml version='1.0'?>
<ns2:test-suite xmlns:ns2='urn:model.allure.qatools.yandex.ru' start='1590579087330' stop='1590579088651'>
    <name>Employee Database Tests</name>
    <title>Employee Database Tests</title>
    <test-cases>
        <test-case start='1590579087344' status='failed' stop='1590579088649'>
            <name>Get Employee and Validate response</name>
            <title>Get Employee and Validate response</title>
            <labels>
                <label name='language' value='javascript'/>
                <label name='framework' value='wdio'/>
                <label name='thread' value='0-0'/>
            </labels>
            <parameters>
                <parameter kind='argument' name='browser' value='Chrome Headless-10.0.17763'/>
            </parameters>
            <steps>
                <step start='1590579087347' status='passed' stop='1590579087999'>
                    <name>Given I Call PostEmployee Endpoint</name>
                    <title>Given I Call PostEmployee Endpoint</title>
                    <attachments/>
                    <steps/>
                </step>
                <step start='1590579087999' status='passed' stop='1590579088000'>
                    <name>Then I Verify EmployeeID is Generated and Present in response body</name>
                    <title>Then I Verify EmployeeID is Generated and Present in response body</title>
                    <attachments/>
                    <steps/>
                </step>
                <step start='1590579088000' status='passed' stop='1590579088645'>
                    <name>When I Call DeleteEmployee Endpoint</name>
                    <title>When I Call DeleteEmployee Endpoint</title>
                    <attachments/>
                    <steps/>
                </step>
                <step start='1590579088645' status='passed' stop='1590579088646'>
                    <name>Then I Verify Status Code is "200"</name>
                    <title>Then I Verify Status Code is "200"</title>
                    <attachments/>
                    <steps/>
                </step>
                <step start='1590579088646' status='failed' stop='1590579088649'>
                    <name>Then I Verify Status is "success"</name>
                    <title>Then I Verify Status is "success"</title>
                    <attachments/>
                    <steps/>
                </step>
                <step start='1590579088649' status='canceled' stop='1590579088650'>
                    <name>Then I Validate JSON Schema for "DeleteEmployee" Endpoint for "200" Response</name>
                    <title>Then I Validate JSON Schema for "DeleteEmployee" Endpoint for "200" Response</title>
                    <attachments/>
                    <steps/>
                </step>
            </steps>
            <attachments/>
            <failure>
                <message>expected 'failed' to equal 'success'</message>
                <stack-trace>AssertionError: expected 'failed' to equal 'success'
                    at World.&lt;anonymous> (C:\Users\CPANDITH\Desktop\GFK\AutomationTest\API\Steps\/Common_Steps.js:22:45)
                    at World.executeAsync (C:\Users\CPANDITH\Desktop\GFK\AutomationTest\node_modules\@wdio\utils\build\shim.js:123:21)
                    at World.testFrameworkFnWrapper (C:\Users\CPANDITH\Desktop\GFK\AutomationTest\node_modules\@wdio\utils\build\test-framework\testFnWrapper.js:49:28)</stack-trace>
            </failure>
        </test-case>
    </test-cases>
</ns2:test-suite>