{
  "uid" : "703f22c2eb47c9f3",
  "name" : "Register New User",
  "fullName" : "User Registration Tests.Register New User",
  "historyId" : "4c42f7fb234b6dd7440f8c309f6c0926",
  "time" : {
    "start" : 1590560056315,
    "stop" : 1590560065599,
    "duration" : 9284
  },
  "description" : "",
  "descriptionHtml" : "",
  "status" : "failed",
  "statusMessage" : "expected 'firstName lastName' to equal 'Test Name'",
  "statusTrace" : "AssertionError: expected 'firstName lastName' to equal 'Test Name'\n                    at World.<anonymous> (C:\\Users\\CPANDITH\\Desktop\\GFK\\AutomationTest\\UI\\Steps\\/MyAccountPage_Steps.js:9:37)\n                    at World.executeSync (C:\\Users\\CPANDITH\\Desktop\\GFK\\AutomationTest\\node_modules\\@wdio\\sync\\build\\index.js:56:18)\n                    at C:\\Users\\CPANDITH\\Desktop\\GFK\\AutomationTest\\node_modules\\@wdio\\sync\\build\\index.js:82:70",
  "flaky" : false,
  "newFailed" : false,
  "beforeStages" : [ ],
  "testStage" : {
    "status" : "failed",
    "statusMessage" : "expected 'firstName lastName' to equal 'Test Name'",
    "statusTrace" : "AssertionError: expected 'firstName lastName' to equal 'Test Name'\n                    at World.<anonymous> (C:\\Users\\CPANDITH\\Desktop\\GFK\\AutomationTest\\UI\\Steps\\/MyAccountPage_Steps.js:9:37)\n                    at World.executeSync (C:\\Users\\CPANDITH\\Desktop\\GFK\\AutomationTest\\node_modules\\@wdio\\sync\\build\\index.js:56:18)\n                    at C:\\Users\\CPANDITH\\Desktop\\GFK\\AutomationTest\\node_modules\\@wdio\\sync\\build\\index.js:82:70",
    "steps" : [ {
      "name" : "Given I Naviate to Home Page",
      "time" : {
        "start" : 1590560056318,
        "stop" : 1590560059611,
        "duration" : 3293
      },
      "status" : "passed",
      "steps" : [ ],
      "attachments" : [ ],
      "parameters" : [ ],
      "attachmentsCount" : 0,
      "shouldDisplayMessage" : false,
      "hasContent" : false,
      "stepsCount" : 0
    }, {
      "name" : "When I Click SignIn Button",
      "time" : {
        "start" : 1590560059611,
        "stop" : 1590560059645,
        "duration" : 34
      },
      "status" : "passed",
      "steps" : [ ],
      "attachments" : [ ],
      "parameters" : [ ],
      "attachmentsCount" : 0,
      "shouldDisplayMessage" : false,
      "hasContent" : false,
      "stepsCount" : 0
    }, {
      "name" : "Then I Populate Email Address Field",
      "time" : {
        "start" : 1590560059645,
        "stop" : 1590560060809,
        "duration" : 1164
      },
      "status" : "passed",
      "steps" : [ ],
      "attachments" : [ ],
      "parameters" : [ ],
      "attachmentsCount" : 0,
      "shouldDisplayMessage" : false,
      "hasContent" : false,
      "stepsCount" : 0
    }, {
      "name" : "Then I Click Create an Account Button",
      "time" : {
        "start" : 1590560060809,
        "stop" : 1590560060952,
        "duration" : 143
      },
      "status" : "passed",
      "steps" : [ ],
      "attachments" : [ ],
      "parameters" : [ ],
      "attachmentsCount" : 0,
      "shouldDisplayMessage" : false,
      "hasContent" : false,
      "stepsCount" : 0
    }, {
      "name" : "Then I Pupulate All Mandatory Fields",
      "time" : {
        "start" : 1590560060953,
        "stop" : 1590560064112,
        "duration" : 3159
      },
      "status" : "passed",
      "steps" : [ ],
      "attachments" : [ ],
      "parameters" : [ ],
      "attachmentsCount" : 0,
      "shouldDisplayMessage" : false,
      "hasContent" : false,
      "stepsCount" : 0
    }, {
      "name" : "Then I Click Register Button",
      "time" : {
        "start" : 1590560064112,
        "stop" : 1590560064159,
        "duration" : 47
      },
      "status" : "passed",
      "steps" : [ ],
      "attachments" : [ ],
      "parameters" : [ ],
      "attachmentsCount" : 0,
      "shouldDisplayMessage" : false,
      "hasContent" : false,
      "stepsCount" : 0
    }, {
      "name" : "Then I Verify Customer Name on Header",
      "time" : {
        "start" : 1590560064159,
        "stop" : 1590560065598,
        "duration" : 1439
      },
      "status" : "failed",
      "statusMessage" : "AssertionError: expected 'firstName lastName' to equal 'Test Name'\n                    at World.<anonymous> (C:\\Users\\CPANDITH\\Desktop\\GFK\\AutomationTest\\UI\\Steps\\/MyAccountPage_Steps.js:9:37)\n                    at World.executeSync (C:\\Users\\CPANDITH\\Desktop\\GFK\\AutomationTest\\node_modules\\@wdio\\sync\\build\\index.js:56:18)\n                    at C:\\Users\\CPANDITH\\Desktop\\GFK\\AutomationTest\\node_modules\\@wdio\\sync\\build\\index.js:82:70",
      "steps" : [ ],
      "attachments" : [ ],
      "parameters" : [ ],
      "attachmentsCount" : 0,
      "shouldDisplayMessage" : true,
      "hasContent" : true,
      "stepsCount" : 0
    }, {
      "name" : "Then I Click on Logout",
      "time" : {
        "start" : 1590560065599,
        "stop" : 1590560065599,
        "duration" : 0
      },
      "status" : "skipped",
      "steps" : [ ],
      "attachments" : [ ],
      "parameters" : [ ],
      "attachmentsCount" : 0,
      "shouldDisplayMessage" : false,
      "hasContent" : false,
      "stepsCount" : 0
    } ],
    "attachments" : [ ],
    "parameters" : [ ],
    "attachmentsCount" : 0,
    "shouldDisplayMessage" : true,
    "hasContent" : true,
    "stepsCount" : 8
  },
  "afterStages" : [ ],
  "labels" : [ {
    "name" : "framework",
    "value" : "wdio"
  }, {
    "name" : "language",
    "value" : "javascript"
  }, {
    "name" : "thread",
    "value" : "0-0"
  }, {
    "name" : "suite",
    "value" : "User Registration Tests"
  }, {
    "name" : "testClass",
    "value" : "User Registration Tests"
  }, {
    "name" : "testMethod",
    "value" : "Register New User"
  }, {
    "name" : "package",
    "value" : "User Registration Tests"
  }, {
    "name" : "resultFormat",
    "value" : "allure1"
  } ],
  "parameters" : [ {
    "name" : "browser",
    "value" : "Chrome-10.0.17763"
  } ],
  "links" : [ ],
  "hidden" : true,
  "retry" : true,
  "extra" : {
    "categories" : [ ],
    "tags" : [ ]
  },
  "source" : "703f22c2eb47c9f3.json",
  "parameterValues" : [ "Chrome-10.0.17763" ]
}